PLINK v2.00a4 M1 (25 Mar 2023)
Options in effect:
  --allow-extra-chr
  --make-bed
  --max-alleles 2
  --out ./input/complex_trait_gen
  --pheno ./data_using_for_create_bim/phenotypes_soy_complex_gen.tsv
  --vcf ./data_using_for_create_bim/genotypes_complex_3_1_3.vcf

Hostname: MacBook-Pro.local
Working directory: /Users/iskys/GIT/GWAS_project/GEMMA_BSLMM
Start time: Fri May 19 02:20:44 2023

Random number seed: 1684452044
16384 MiB RAM detected; reserving 8192 MiB for main workspace.
Using up to 8 compute threads.
--vcf: 31506 variants scanned.
--vcf: ./input/complex_trait_gen-temporary.pgen +
./input/complex_trait_gen-temporary.pvar.zst +
./input/complex_trait_gen-temporary.psam written.
97 samples (0 females, 0 males, 97 ambiguous; 97 founders) loaded from
./input/complex_trait_gen-temporary.psam.
31506 variants loaded from ./input/complex_trait_gen-temporary.pvar.zst.
1 quantitative phenotype loaded (97 values).
31506 variants remaining after main filters.
Writing ./input/complex_trait_gen.fam ... done.
Writing ./input/complex_trait_gen.bim ... done.
Writing ./input/complex_trait_gen.bed ... done.

End time: Fri May 19 02:20:44 2023
