PLINK v2.00a4 M1 (25 Mar 2023)
Options in effect:
  --allow-extra-chr
  --make-bed
  --out ./inputs/simple_trait_gen
  --pheno ../Raw_data/phenotypes_simple_trait_2col_gen.tsv
  --vcf ../Raw_data/genotypes_simple_trait.vcf

Hostname: MacBook-Pro.local
Working directory: /Users/iskys/GIT/GWAS_project/plink_glm
Start time: Wed Jun  7 13:18:43 2023

Random number seed: 1686133123
16384 MiB RAM detected; reserving 8192 MiB for main workspace.
Using up to 8 compute threads.
--vcf: 23278 variants scanned.
--vcf: ./inputs/simple_trait_gen-temporary.pgen +
./inputs/simple_trait_gen-temporary.pvar.zst +
./inputs/simple_trait_gen-temporary.psam written.
249 samples (0 females, 0 males, 249 ambiguous; 249 founders) loaded from
./inputs/simple_trait_gen-temporary.psam.
23278 variants loaded from ./inputs/simple_trait_gen-temporary.pvar.zst.
1 quantitative phenotype loaded (242 values).
Writing ./inputs/simple_trait_gen.fam ... done.
Writing ./inputs/simple_trait_gen.bim ... done.
Writing ./inputs/simple_trait_gen.bed ... done.

End time: Wed Jun  7 13:18:43 2023
