PLINK v1.90b6.22 64-bit (3 Nov 2020)
Options in effect:
  --double-id
  --make-bed
  --out soybean_generated
  --pheno soy_generated_phenotypes_fast.txt
  --vcf soybean_genotypes.recode_proc_chrom.vcf

Hostname: DESKTOP-8KVIEQA
Working directory: /home/maria
Start time: Wed May  3 21:25:21 2023

Random number seed: 1683138321
6239 MB RAM detected; reserving 3119 MB for main workspace.
--vcf: soybean_generated-temporary.bed + soybean_generated-temporary.bim +
soybean_generated-temporary.fam written.
23278 variants loaded from .bim file.
240 people (0 males, 0 females, 240 ambiguous) loaded from .fam.
Ambiguous sex IDs written to soybean_generated.nosex .
239 phenotype values present after --pheno.
Warning: Ignoring phenotypes of missing-sex samples.  If you don't want those
phenotypes to be ignored, use the --allow-no-sex flag.
Using 1 thread (no multithreaded calculations invoked).
Before main variant filters, 240 founders and 0 nonfounders present.
Calculating allele frequencies... done.
Total genotyping rate is 0.99555.
23278 variants and 240 people pass filters and QC.
Phenotype data is quantitative.
--make-bed to soybean_generated.bed + soybean_generated.bim +
soybean_generated.fam ... done.

End time: Wed May  3 21:25:22 2023
